Linked: (/workspaces/faster/ws/devel/.private/global_mapper_ros/lib/libglobal_mapper_nodelet.so, /workspaces/faster/ws/devel/lib/libglobal_mapper_nodelet.so)
Linked: (/workspaces/faster/ws/devel/.private/global_mapper_ros/lib/libglobal_mapper_ros.so, /workspaces/faster/ws/devel/lib/libglobal_mapper_ros.so)
Linked: (/workspaces/faster/ws/devel/.private/global_mapper_ros/lib/python2.7/dist-packages/global_mapper_ros/__init__.py, /workspaces/faster/ws/devel/lib/python2.7/dist-packages/global_mapper_ros/__init__.py)
Linked: (/workspaces/faster/ws/devel/.private/global_mapper_ros/lib/python2.7/dist-packages/global_mapper_ros/msg/_PlanningGrids.py, /workspaces/faster/ws/devel/lib/python2.7/dist-packages/global_mapper_ros/msg/_PlanningGrids.py)
Linked: (/workspaces/faster/ws/devel/.private/global_mapper_ros/lib/python2.7/dist-packages/global_mapper_ros/msg/__init__.py, /workspaces/faster/ws/devel/lib/python2.7/dist-packages/global_mapper_ros/msg/__init__.py)
Linked: (/workspaces/faster/ws/devel/.private/global_mapper_ros/lib/global_mapper_ros/global_mapper_node, /workspaces/faster/ws/devel/lib/global_mapper_ros/global_mapper_node)
Linked: (/workspaces/faster/ws/devel/.private/global_mapper_ros/lib/pkgconfig/global_mapper_ros.pc, /workspaces/faster/ws/devel/lib/pkgconfig/global_mapper_ros.pc)
Linked: (/workspaces/faster/ws/devel/.private/global_mapper_ros/share/gennodejs/ros/global_mapper_ros/_index.js, /workspaces/faster/ws/devel/share/gennodejs/ros/global_mapper_ros/_index.js)
Linked: (/workspaces/faster/ws/devel/.private/global_mapper_ros/share/gennodejs/ros/global_mapper_ros/msg/PlanningGrids.js, /workspaces/faster/ws/devel/share/gennodejs/ros/global_mapper_ros/msg/PlanningGrids.js)
Linked: (/workspaces/faster/ws/devel/.private/global_mapper_ros/share/gennodejs/ros/global_mapper_ros/msg/_index.js, /workspaces/faster/ws/devel/share/gennodejs/ros/global_mapper_ros/msg/_index.js)
Linked: (/workspaces/faster/ws/devel/.private/global_mapper_ros/share/roseus/ros/global_mapper_ros/manifest.l, /workspaces/faster/ws/devel/share/roseus/ros/global_mapper_ros/manifest.l)
Linked: (/workspaces/faster/ws/devel/.private/global_mapper_ros/share/roseus/ros/global_mapper_ros/msg/PlanningGrids.l, /workspaces/faster/ws/devel/share/roseus/ros/global_mapper_ros/msg/PlanningGrids.l)
Linked: (/workspaces/faster/ws/devel/.private/global_mapper_ros/share/global_mapper_ros/cmake/global_mapper_ros-msg-paths.cmake, /workspaces/faster/ws/devel/share/global_mapper_ros/cmake/global_mapper_ros-msg-paths.cmake)
Linked: (/workspaces/faster/ws/devel/.private/global_mapper_ros/share/global_mapper_ros/cmake/global_mapper_rosConfig-version.cmake, /workspaces/faster/ws/devel/share/global_mapper_ros/cmake/global_mapper_rosConfig-version.cmake)
Linked: (/workspaces/faster/ws/devel/.private/global_mapper_ros/share/global_mapper_ros/cmake/global_mapper_ros-msg-extras.cmake, /workspaces/faster/ws/devel/share/global_mapper_ros/cmake/global_mapper_ros-msg-extras.cmake)
Linked: (/workspaces/faster/ws/devel/.private/global_mapper_ros/share/global_mapper_ros/cmake/global_mapper_rosConfig.cmake, /workspaces/faster/ws/devel/share/global_mapper_ros/cmake/global_mapper_rosConfig.cmake)
Linked: (/workspaces/faster/ws/devel/.private/global_mapper_ros/share/common-lisp/ros/global_mapper_ros/msg/PlanningGrids.lisp, /workspaces/faster/ws/devel/share/common-lisp/ros/global_mapper_ros/msg/PlanningGrids.lisp)
Linked: (/workspaces/faster/ws/devel/.private/global_mapper_ros/share/common-lisp/ros/global_mapper_ros/msg/_package_PlanningGrids.lisp, /workspaces/faster/ws/devel/share/common-lisp/ros/global_mapper_ros/msg/_package_PlanningGrids.lisp)
Linked: (/workspaces/faster/ws/devel/.private/global_mapper_ros/share/common-lisp/ros/global_mapper_ros/msg/_package.lisp, /workspaces/faster/ws/devel/share/common-lisp/ros/global_mapper_ros/msg/_package.lisp)
Linked: (/workspaces/faster/ws/devel/.private/global_mapper_ros/share/common-lisp/ros/global_mapper_ros/msg/global_mapper_ros-msg.asd, /workspaces/faster/ws/devel/share/common-lisp/ros/global_mapper_ros/msg/global_mapper_ros-msg.asd)
Linked: (/workspaces/faster/ws/devel/.private/global_mapper_ros/include/global_mapper_ros/PlanningGrids.h, /workspaces/faster/ws/devel/include/global_mapper_ros/PlanningGrids.h)
