Determining if the pthread_create exist failed with the following output:
Change Dir: /workspaces/faster/ws/build/global_mapper/CMakeFiles/CMakeTmp

Run Build Command:"/usr/bin/make" "cmTC_f11f6/fast"
/usr/bin/make -f CMakeFiles/cmTC_f11f6.dir/build.make CMakeFiles/cmTC_f11f6.dir/build
make[1]: Entering directory '/workspaces/faster/ws/build/global_mapper/CMakeFiles/CMakeTmp'
Building C object CMakeFiles/cmTC_f11f6.dir/CheckSymbolExists.c.o
/usr/bin/cc    -o CMakeFiles/cmTC_f11f6.dir/CheckSymbolExists.c.o   -c /workspaces/faster/ws/build/global_mapper/CMakeFiles/CMakeTmp/CheckSymbolExists.c
Linking C executable cmTC_f11f6
/usr/bin/cmake -E cmake_link_script CMakeFiles/cmTC_f11f6.dir/link.txt --verbose=1
/usr/bin/cc      -rdynamic CMakeFiles/cmTC_f11f6.dir/CheckSymbolExists.c.o  -o cmTC_f11f6 
CMakeFiles/cmTC_f11f6.dir/CheckSymbolExists.c.o: In function `main':
CheckSymbolExists.c:(.text+0x1b): undefined reference to `pthread_create'
collect2: error: ld returned 1 exit status
CMakeFiles/cmTC_f11f6.dir/build.make:97: recipe for target 'cmTC_f11f6' failed
make[1]: *** [cmTC_f11f6] Error 1
make[1]: Leaving directory '/workspaces/faster/ws/build/global_mapper/CMakeFiles/CMakeTmp'
Makefile:126: recipe for target 'cmTC_f11f6/fast' failed
make: *** [cmTC_f11f6/fast] Error 2

File /workspaces/faster/ws/build/global_mapper/CMakeFiles/CMakeTmp/CheckSymbolExists.c:
/* */
#include <pthread.h>

int main(int argc, char** argv)
{
  (void)argv;
#ifndef pthread_create
  return ((int*)(&pthread_create))[argc];
#else
  (void)argc;
  return 0;
#endif
}

Determining if the function pthread_create exists in the pthreads failed with the following output:
Change Dir: /workspaces/faster/ws/build/global_mapper/CMakeFiles/CMakeTmp

Run Build Command:"/usr/bin/make" "cmTC_77425/fast"
/usr/bin/make -f CMakeFiles/cmTC_77425.dir/build.make CMakeFiles/cmTC_77425.dir/build
make[1]: Entering directory '/workspaces/faster/ws/build/global_mapper/CMakeFiles/CMakeTmp'
Building C object CMakeFiles/cmTC_77425.dir/CheckFunctionExists.c.o
/usr/bin/cc   -DCHECK_FUNCTION_EXISTS=pthread_create   -o CMakeFiles/cmTC_77425.dir/CheckFunctionExists.c.o   -c /usr/share/cmake-3.10/Modules/CheckFunctionExists.c
Linking C executable cmTC_77425
/usr/bin/cmake -E cmake_link_script CMakeFiles/cmTC_77425.dir/link.txt --verbose=1
/usr/bin/cc  -DCHECK_FUNCTION_EXISTS=pthread_create    -rdynamic CMakeFiles/cmTC_77425.dir/CheckFunctionExists.c.o  -o cmTC_77425 -lpthreads 
/usr/bin/ld: cannot find -lpthreads
collect2: error: ld returned 1 exit status
CMakeFiles/cmTC_77425.dir/build.make:97: recipe for target 'cmTC_77425' failed
make[1]: *** [cmTC_77425] Error 1
make[1]: Leaving directory '/workspaces/faster/ws/build/global_mapper/CMakeFiles/CMakeTmp'
Makefile:126: recipe for target 'cmTC_77425/fast' failed
make: *** [cmTC_77425/fast] Error 2


