Determining if the pthread_create exist failed with the following output:
Change Dir: /workspaces/faster/ws/build/acl_sim/CMakeFiles/CMakeTmp

Run Build Command:"/usr/bin/make" "cmTC_ca26f/fast"
/usr/bin/make -f CMakeFiles/cmTC_ca26f.dir/build.make CMakeFiles/cmTC_ca26f.dir/build
make[1]: Entering directory '/workspaces/faster/ws/build/acl_sim/CMakeFiles/CMakeTmp'
Building C object CMakeFiles/cmTC_ca26f.dir/CheckSymbolExists.c.o
/usr/bin/cc    -o CMakeFiles/cmTC_ca26f.dir/CheckSymbolExists.c.o   -c /workspaces/faster/ws/build/acl_sim/CMakeFiles/CMakeTmp/CheckSymbolExists.c
Linking C executable cmTC_ca26f
/usr/bin/cmake -E cmake_link_script CMakeFiles/cmTC_ca26f.dir/link.txt --verbose=1
/usr/bin/cc      -rdynamic CMakeFiles/cmTC_ca26f.dir/CheckSymbolExists.c.o  -o cmTC_ca26f 
CMakeFiles/cmTC_ca26f.dir/CheckSymbolExists.c.o: In function `main':
CheckSymbolExists.c:(.text+0x1b): undefined reference to `pthread_create'
collect2: error: ld returned 1 exit status
CMakeFiles/cmTC_ca26f.dir/build.make:97: recipe for target 'cmTC_ca26f' failed
make[1]: *** [cmTC_ca26f] Error 1
make[1]: Leaving directory '/workspaces/faster/ws/build/acl_sim/CMakeFiles/CMakeTmp'
Makefile:126: recipe for target 'cmTC_ca26f/fast' failed
make: *** [cmTC_ca26f/fast] Error 2

File /workspaces/faster/ws/build/acl_sim/CMakeFiles/CMakeTmp/CheckSymbolExists.c:
/* */
#include <pthread.h>

int main(int argc, char** argv)
{
  (void)argv;
#ifndef pthread_create
  return ((int*)(&pthread_create))[argc];
#else
  (void)argc;
  return 0;
#endif
}

Determining if the function pthread_create exists in the pthreads failed with the following output:
Change Dir: /workspaces/faster/ws/build/acl_sim/CMakeFiles/CMakeTmp

Run Build Command:"/usr/bin/make" "cmTC_ea9c9/fast"
/usr/bin/make -f CMakeFiles/cmTC_ea9c9.dir/build.make CMakeFiles/cmTC_ea9c9.dir/build
make[1]: Entering directory '/workspaces/faster/ws/build/acl_sim/CMakeFiles/CMakeTmp'
Building C object CMakeFiles/cmTC_ea9c9.dir/CheckFunctionExists.c.o
/usr/bin/cc   -DCHECK_FUNCTION_EXISTS=pthread_create   -o CMakeFiles/cmTC_ea9c9.dir/CheckFunctionExists.c.o   -c /usr/share/cmake-3.10/Modules/CheckFunctionExists.c
Linking C executable cmTC_ea9c9
/usr/bin/cmake -E cmake_link_script CMakeFiles/cmTC_ea9c9.dir/link.txt --verbose=1
/usr/bin/cc  -DCHECK_FUNCTION_EXISTS=pthread_create    -rdynamic CMakeFiles/cmTC_ea9c9.dir/CheckFunctionExists.c.o  -o cmTC_ea9c9 -lpthreads 
/usr/bin/ld: cannot find -lpthreads
collect2: error: ld returned 1 exit status
CMakeFiles/cmTC_ea9c9.dir/build.make:97: recipe for target 'cmTC_ea9c9' failed
make[1]: *** [cmTC_ea9c9] Error 1
make[1]: Leaving directory '/workspaces/faster/ws/build/acl_sim/CMakeFiles/CMakeTmp'
Makefile:126: recipe for target 'cmTC_ea9c9/fast' failed
make: *** [cmTC_ea9c9/fast] Error 2


