Determining if the pthread_create exist failed with the following output:
Change Dir: /workspaces/faster/ws/build/jps3d/CMakeFiles/CMakeTmp

Run Build Command:"/usr/bin/make" "cmTC_f26fd/fast"
/usr/bin/make -f CMakeFiles/cmTC_f26fd.dir/build.make CMakeFiles/cmTC_f26fd.dir/build
make[1]: Entering directory '/workspaces/faster/ws/build/jps3d/CMakeFiles/CMakeTmp'
Building C object CMakeFiles/cmTC_f26fd.dir/CheckSymbolExists.c.o
/usr/bin/cc    -o CMakeFiles/cmTC_f26fd.dir/CheckSymbolExists.c.o   -c /workspaces/faster/ws/build/jps3d/CMakeFiles/CMakeTmp/CheckSymbolExists.c
Linking C executable cmTC_f26fd
/usr/bin/cmake -E cmake_link_script CMakeFiles/cmTC_f26fd.dir/link.txt --verbose=1
/usr/bin/cc      -rdynamic CMakeFiles/cmTC_f26fd.dir/CheckSymbolExists.c.o  -o cmTC_f26fd 
CMakeFiles/cmTC_f26fd.dir/CheckSymbolExists.c.o: In function `main':
CheckSymbolExists.c:(.text+0x1b): undefined reference to `pthread_create'
collect2: error: ld returned 1 exit status
CMakeFiles/cmTC_f26fd.dir/build.make:97: recipe for target 'cmTC_f26fd' failed
make[1]: *** [cmTC_f26fd] Error 1
make[1]: Leaving directory '/workspaces/faster/ws/build/jps3d/CMakeFiles/CMakeTmp'
Makefile:126: recipe for target 'cmTC_f26fd/fast' failed
make: *** [cmTC_f26fd/fast] Error 2

File /workspaces/faster/ws/build/jps3d/CMakeFiles/CMakeTmp/CheckSymbolExists.c:
/* */
#include <pthread.h>

int main(int argc, char** argv)
{
  (void)argv;
#ifndef pthread_create
  return ((int*)(&pthread_create))[argc];
#else
  (void)argc;
  return 0;
#endif
}

Determining if the function pthread_create exists in the pthreads failed with the following output:
Change Dir: /workspaces/faster/ws/build/jps3d/CMakeFiles/CMakeTmp

Run Build Command:"/usr/bin/make" "cmTC_cf49c/fast"
/usr/bin/make -f CMakeFiles/cmTC_cf49c.dir/build.make CMakeFiles/cmTC_cf49c.dir/build
make[1]: Entering directory '/workspaces/faster/ws/build/jps3d/CMakeFiles/CMakeTmp'
Building C object CMakeFiles/cmTC_cf49c.dir/CheckFunctionExists.c.o
/usr/bin/cc   -DCHECK_FUNCTION_EXISTS=pthread_create   -o CMakeFiles/cmTC_cf49c.dir/CheckFunctionExists.c.o   -c /usr/share/cmake-3.10/Modules/CheckFunctionExists.c
Linking C executable cmTC_cf49c
/usr/bin/cmake -E cmake_link_script CMakeFiles/cmTC_cf49c.dir/link.txt --verbose=1
/usr/bin/cc  -DCHECK_FUNCTION_EXISTS=pthread_create    -rdynamic CMakeFiles/cmTC_cf49c.dir/CheckFunctionExists.c.o  -o cmTC_cf49c -lpthreads 
/usr/bin/ld: cannot find -lpthreads
collect2: error: ld returned 1 exit status
CMakeFiles/cmTC_cf49c.dir/build.make:97: recipe for target 'cmTC_cf49c' failed
make[1]: *** [cmTC_cf49c] Error 1
make[1]: Leaving directory '/workspaces/faster/ws/build/jps3d/CMakeFiles/CMakeTmp'
Makefile:126: recipe for target 'cmTC_cf49c/fast' failed
make: *** [cmTC_cf49c/fast] Error 2


